C:\Temp\sword>osis2mod ..\roorthodox ..\BibliaOrtodoxaRomana.xml -v Orthodox -z -b 4
You are running osis2mod: $Rev: 2893 $
INFO(V11N): Exod.37.23 is not in the Orthodox versification. Appending content to Exod.37.21
INFO(V11N): Exod.37.24 is not in the Orthodox versification. Appending content to Exod.37.21
INFO(V11N): Exod.37.25 is not in the Orthodox versification. Appending content to Exod.37.21
INFO(V11N): Exod.37.26 is not in the Orthodox versification. Appending content to Exod.37.21
INFO(V11N): Exod.37.27 is not in the Orthodox versification. Appending content to Exod.37.21
INFO(V11N): Exod.37.28 is not in the Orthodox versification. Appending content to Exod.37.21
INFO(V11N): Exod.37.29 is not in the Orthodox versification. Appending content to Exod.37.21
INFO(V11N): Exod.38 is not in the Orthodox versification. Appending content to Exod.37.21
INFO(V11N): Exod.38.31 is not in the Orthodox versification. Appending content to Exod.38.29
INFO(V11N): Exod.39 is not in the Orthodox versification. Appending content to Exod.38.29
INFO(V11N): Exod.39.25 is not in the Orthodox versification. Appending content to Exod.39.23
INFO(V11N): Exod.39.26 is not in the Orthodox versification. Appending content to Exod.39.23
INFO(V11N): Exod.39.27 is not in the Orthodox versification. Appending content to Exod.39.23
INFO(V11N): Exod.39.28 is not in the Orthodox versification. Appending content to Exod.39.23
INFO(V11N): Exod.39.29 is not in the Orthodox versification. Appending content to Exod.39.23
INFO(V11N): Exod.39.30 is not in the Orthodox versification. Appending content to Exod.39.23
INFO(V11N): Exod.39.31 is not in the Orthodox versification. Appending content to Exod.39.23
INFO(V11N): Exod.39.32 is not in the Orthodox versification. Appending content to Exod.39.23
INFO(V11N): Exod.39.33 is not in the Orthodox versification. Appending content to Exod.39.23
INFO(V11N): Exod.39.34 is not in the Orthodox versification. Appending content to Exod.39.23
INFO(V11N): Exod.39.35 is not in the Orthodox versification. Appending content to Exod.39.23
INFO(V11N): Exod.39.36 is not in the Orthodox versification. Appending content to Exod.39.23
INFO(V11N): Exod.39.37 is not in the Orthodox versification. Appending content to Exod.39.23
INFO(V11N): Exod.39.38 is not in the Orthodox versification. Appending content to Exod.39.23
INFO(V11N): Exod.39.39 is not in the Orthodox versification. Appending content to Exod.39.23
INFO(V11N): Exod.39.40 is not in the Orthodox versification. Appending content to Exod.39.23
INFO(V11N): Exod.39.41 is not in the Orthodox versification. Appending content to Exod.39.23
INFO(V11N): Exod.39.42 is not in the Orthodox versification. Appending content to Exod.39.23
INFO(V11N): Exod.39.43 is not in the Orthodox versification. Appending content to Exod.39.23
INFO(V11N): Exod.40 is not in the Orthodox versification. Appending content to Exod.39.23
INFO(V11N): Ps.17.53 is not in the Orthodox versification. Appending content to Ps.17.51
INFO(V11N): Ps.17.54 is not in the Orthodox versification. Appending content to Ps.17.51
INFO(V11N): Ps.18 is not in the Orthodox versification. Appending content to Ps.17.51
INFO(V11N): Ps.21.34 is not in the Orthodox versification. Appending content to Ps.21.32
INFO(V11N): Ps.21.35 is not in the Orthodox versification. Appending content to Ps.21.32
INFO(V11N): Ps.21.36 is not in the Orthodox versification. Appending content to Ps.21.32
INFO(V11N): Ps.22 is not in the Orthodox versification. Appending content to Ps.21.32
INFO(V11N): Ps.23 is not in the Orthodox versification. Appending content to Ps.22.6
INFO(V11N): Ps.25 is not in the Orthodox versification. Appending content to Ps.24.22
INFO(V11N): Ps.26.16 is not in the Orthodox versification. Appending content to Ps.26.14
INFO(V11N): Ps.26.17 is not in the Orthodox versification. Appending content to Ps.26.14
INFO(V11N): Ps.26.18 is not in the Orthodox versification. Appending content to Ps.26.14
INFO(V11N): Ps.26.19 is not in the Orthodox versification. Appending content to Ps.26.14
INFO(V11N): Ps.26.20 is not in the Orthodox versification. Appending content to Ps.26.14
INFO(V11N): Ps.27 is not in the Orthodox versification. Appending content to Ps.26.14
INFO(V11N): Ps.27.11 is not in the Orthodox versification. Appending content to Ps.27.9
INFO(V11N): Ps.27.12 is not in the Orthodox versification. Appending content to Ps.27.9
INFO(V11N): Ps.28 is not in the Orthodox versification. Appending content to Ps.27.9
INFO(V11N): Ps.31 is not in the Orthodox versification. Appending content to Ps.30.25
INFO(V11N): Ps.32 is not in the Orthodox versification. Appending content to Ps.31.11
INFO(V11N): Ps.38.16 is not in the Orthodox versification. Appending content to Ps.38.14
INFO(V11N): Ps.38.17 is not in the Orthodox versification. Appending content to Ps.38.14
INFO(V11N): Ps.38.18 is not in the Orthodox versification. Appending content to Ps.38.14
INFO(V11N): Ps.39 is not in the Orthodox versification. Appending content to Ps.38.14
INFO(V11N): Ps.39.20 is not in the Orthodox versification. Appending content to Ps.39.18
INFO(V11N): Ps.39.21 is not in the Orthodox versification. Appending content to Ps.39.18
INFO(V11N): Ps.39.22 is not in the Orthodox versification. Appending content to Ps.39.18
INFO(V11N): Ps.39.23 is not in the Orthodox versification. Appending content to Ps.39.18
INFO(V11N): Ps.39.24 is not in the Orthodox versification. Appending content to Ps.39.18
INFO(V11N): Ps.40 is not in the Orthodox versification. Appending content to Ps.39.18
INFO(V11N): Ps.41.14 is not in the Orthodox versification. Appending content to Ps.41.12
INFO(V11N): Ps.41.15 is not in the Orthodox versification. Appending content to Ps.41.12
INFO(V11N): Ps.41.16 is not in the Orthodox versification. Appending content to Ps.41.12
INFO(V11N): Ps.41.17 is not in the Orthodox versification. Appending content to Ps.41.12
INFO(V11N): Ps.42 is not in the Orthodox versification. Appending content to Ps.41.12
INFO(V11N): Ps.43 is not in the Orthodox versification. Appending content to Ps.42.6
INFO(V11N): Ps.44 is not in the Orthodox versification. Appending content to Ps.43.27
INFO(V11N): Ps.44.20 is not in the Orthodox versification. Appending content to Ps.44.18
INFO(V11N): Ps.44.21 is not in the Orthodox versification. Appending content to Ps.44.18
INFO(V11N): Ps.45 is not in the Orthodox versification. Appending content to Ps.44.18
INFO(V11N): Ps.50 is not in the Orthodox versification. Appending content to Ps.49.23
INFO(V11N): Ps.53 is not in the Orthodox versification. Appending content to Ps.52.7
INFO(V11N): Ps.54.26 is not in the Orthodox versification. Appending content to Ps.54.24
INFO(V11N): Ps.54.27 is not in the Orthodox versification. Appending content to Ps.54.24
INFO(V11N): Ps.55 is not in the Orthodox versification. Appending content to Ps.54.24
INFO(V11N): Ps.56.14 is not in the Orthodox versification. Appending content to Ps.56.12
INFO(V11N): Ps.57 is not in the Orthodox versification. Appending content to Ps.56.12
INFO(V11N): Ps.58.21 is not in the Orthodox versification. Appending content to Ps.58.19
INFO(V11N): Ps.59 is not in the Orthodox versification. Appending content to Ps.58.19
INFO(V11N): Ps.68.39 is not in the Orthodox versification. Appending content to Ps.68.37
INFO(V11N): Ps.68.40 is not in the Orthodox versification. Appending content to Ps.68.37
INFO(V11N): Ps.69 is not in the Orthodox versification. Appending content to Ps.68.37
INFO(V11N): Ps.70.26 is not in the Orthodox versification. Appending content to Ps.70.24
INFO(V11N): Ps.70.27 is not in the Orthodox versification. Appending content to Ps.70.24
INFO(V11N): Ps.71 is not in the Orthodox versification. Appending content to Ps.70.24
INFO(V11N): Ps.72 is not in the Orthodox versification. Appending content to Ps.71.20
INFO(V11N): Ps.74 is not in the Orthodox versification. Appending content to Ps.73.23
INFO(V11N): Ps.77.74 is not in the Orthodox versification. Appending content to Ps.77.72
INFO(V11N): Ps.77.75 is not in the Orthodox versification. Appending content to Ps.77.72
INFO(V11N): Ps.77.76 is not in the Orthodox versification. Appending content to Ps.77.72
INFO(V11N): Ps.77.77 is not in the Orthodox versification. Appending content to Ps.77.72
INFO(V11N): Ps.77.78 is not in the Orthodox versification. Appending content to Ps.77.72
INFO(V11N): Ps.78 is not in the Orthodox versification. Appending content to Ps.77.72
INFO(V11N): Ps.79 is not in the Orthodox versification. Appending content to Ps.78.13
INFO(V11N): Ps.89.19 is not in the Orthodox versification. Appending content to Ps.89.17
INFO(V11N): Ps.90 is not in the Orthodox versification. Appending content to Ps.89.17
INFO(V11N): Ps.92.7 is not in the Orthodox versification. Appending content to Ps.92.5
INFO(V11N): Ps.93 is not in the Orthodox versification. Appending content to Ps.92.5
INFO(V11N): Ps.95 is not in the Orthodox versification. Appending content to Ps.94.11
INFO(V11N): Ps.97 is not in the Orthodox versification. Appending content to Ps.96.12
INFO(V11N): Ps.97.11 is not in the Orthodox versification. Appending content to Ps.97.9
INFO(V11N): Ps.98 is not in the Orthodox versification. Appending content to Ps.97.9
INFO(V11N): Ps.99 is not in the Orthodox versification. Appending content to Ps.98.9
INFO(V11N): Ps.100.10 is not in the Orthodox versification. Appending content to Ps.100.8
INFO(V11N): Ps.101 is not in the Orthodox versification. Appending content to Ps.100.8
INFO(V11N): Prov.5 is not in the Orthodox versification. Appending content to Prov.4.28
INFO(V11N): Jer.30 is not in the Orthodox versification. Appending content to Jer.29.31
INFO(V11N): Jer.33.26 is not in the Orthodox versification. Appending content to Jer.33.24
INFO(V11N): Jer.34 is not in the Orthodox versification. Appending content to Jer.33.24
INFO(V11N): Jer.48.46 is not in the Orthodox versification. Appending content to Jer.48.44
INFO(V11N): Jer.48.47 is not in the Orthodox versification. Appending content to Jer.48.44
INFO(V11N): Jer.49 is not in the Orthodox versification. Appending content to Jer.48.44
INFO(V11N): Jer.50 is not in the Orthodox versification. Appending content to Jer.49.38
INFO(V11N): Jer.52 is not in the Orthodox versification. Appending content to Jer.51.63
WARNING(V11N): New book is PrAzar and is not in Orthodox versification, ignoring
ERROR(REF): Invalid osisID/annotateRef: PrAzar.1.1
ERROR(REF): Invalid osisID/annotateRef: PrAzar.1.2
ERROR(REF): Invalid osisID/annotateRef: PrAzar.1.3
ERROR(REF): Invalid osisID/annotateRef: PrAzar.1.4
ERROR(REF): Invalid osisID/annotateRef: PrAzar.1.5
ERROR(REF): Invalid osisID/annotateRef: PrAzar.1.6
ERROR(REF): Invalid osisID/annotateRef: PrAzar.1.7
ERROR(REF): Invalid osisID/annotateRef: PrAzar.1.8
ERROR(REF): Invalid osisID/annotateRef: PrAzar.1.9
ERROR(REF): Invalid osisID/annotateRef: PrAzar.1.10
ERROR(REF): Invalid osisID/annotateRef: PrAzar.1.11
ERROR(REF): Invalid osisID/annotateRef: PrAzar.1.12
ERROR(REF): Invalid osisID/annotateRef: PrAzar.1.13
ERROR(REF): Invalid osisID/annotateRef: PrAzar.1.14
ERROR(REF): Invalid osisID/annotateRef: PrAzar.1.15
ERROR(REF): Invalid osisID/annotateRef: PrAzar.1.16
ERROR(REF): Invalid osisID/annotateRef: PrAzar.1.17
ERROR(REF): Invalid osisID/annotateRef: PrAzar.1.18
ERROR(REF): Invalid osisID/annotateRef: PrAzar.1.19
ERROR(REF): Invalid osisID/annotateRef: PrAzar.1.20
ERROR(REF): Invalid osisID/annotateRef: PrAzar.1.21
ERROR(REF): Invalid osisID/annotateRef: PrAzar.1.22
ERROR(REF): Invalid osisID/annotateRef: PrAzar.1.23
ERROR(REF): Invalid osisID/annotateRef: PrAzar.1.24
ERROR(REF): Invalid osisID/annotateRef: PrAzar.1.25
ERROR(REF): Invalid osisID/annotateRef: PrAzar.1.26
ERROR(REF): Invalid osisID/annotateRef: PrAzar.1.27
ERROR(REF): Invalid osisID/annotateRef: PrAzar.1.28
ERROR(REF): Invalid osisID/annotateRef: PrAzar.1.29
ERROR(REF): Invalid osisID/annotateRef: PrAzar.1.30
ERROR(REF): Invalid osisID/annotateRef: PrAzar.1.31
ERROR(REF): Invalid osisID/annotateRef: PrAzar.1.32
ERROR(REF): Invalid osisID/annotateRef: PrAzar.1.33
ERROR(REF): Invalid osisID/annotateRef: PrAzar.1.34
ERROR(REF): Invalid osisID/annotateRef: PrAzar.1.35
ERROR(REF): Invalid osisID/annotateRef: PrAzar.1.36
ERROR(REF): Invalid osisID/annotateRef: PrAzar.1.37
ERROR(REF): Invalid osisID/annotateRef: PrAzar.1.38
ERROR(REF): Invalid osisID/annotateRef: PrAzar.1.39
ERROR(REF): Invalid osisID/annotateRef: PrAzar.1.40
ERROR(REF): Invalid osisID/annotateRef: PrAzar.1.41
ERROR(REF): Invalid osisID/annotateRef: PrAzar.1.42
ERROR(REF): Invalid osisID/annotateRef: PrAzar.1.43
ERROR(REF): Invalid osisID/annotateRef: PrAzar.1.44
ERROR(REF): Invalid osisID/annotateRef: PrAzar.1.45
ERROR(REF): Invalid osisID/annotateRef: PrAzar.1.46
ERROR(REF): Invalid osisID/annotateRef: PrAzar.1.47
ERROR(REF): Invalid osisID/annotateRef: PrAzar.1.48
ERROR(REF): Invalid osisID/annotateRef: PrAzar.1.49
ERROR(REF): Invalid osisID/annotateRef: PrAzar.1.50
ERROR(REF): Invalid osisID/annotateRef: PrAzar.1.51
ERROR(REF): Invalid osisID/annotateRef: PrAzar.1.52
ERROR(REF): Invalid osisID/annotateRef: PrAzar.1.53
ERROR(REF): Invalid osisID/annotateRef: PrAzar.1.54
ERROR(REF): Invalid osisID/annotateRef: PrAzar.1.55
ERROR(REF): Invalid osisID/annotateRef: PrAzar.1.56
ERROR(REF): Invalid osisID/annotateRef: PrAzar.1.57
ERROR(REF): Invalid osisID/annotateRef: PrAzar.1.58
ERROR(REF): Invalid osisID/annotateRef: PrAzar.1.59
ERROR(REF): Invalid osisID/annotateRef: PrAzar.1.60
ERROR(REF): Invalid osisID/annotateRef: PrAzar.1.61
ERROR(REF): Invalid osisID/annotateRef: PrAzar.1.62
ERROR(REF): Invalid osisID/annotateRef: PrAzar.1.63
ERROR(REF): Invalid osisID/annotateRef: PrAzar.1.64
ERROR(REF): Invalid osisID/annotateRef: PrAzar.1.65
ERROR(REF): Invalid osisID/annotateRef: PrAzar.1.66
ERROR(REF): Invalid osisID/annotateRef: PrAzar.1.67
INFO(V11N): 1Esd.3 is not in the Orthodox versification. Appending content to 1Esd.2.30
INFO(V11N): 1Esd.5.75 is not in the Orthodox versification. Appending content to 1Esd.5.73
INFO(V11N): 1Esd.5.76 is not in the Orthodox versification. Appending content to 1Esd.5.73
INFO(V11N): 1Esd.5.77 is not in the Orthodox versification. Appending content to 1Esd.5.73
INFO(V11N): 1Esd.5.78 is not in the Orthodox versification. Appending content to 1Esd.5.73
INFO(V11N): 1Esd.5.79 is not in the Orthodox versification. Appending content to 1Esd.5.73
INFO(V11N): 1Esd.5.80 is not in the Orthodox versification. Appending content to 1Esd.5.73
INFO(V11N): 1Esd.5.81 is not in the Orthodox versification. Appending content to 1Esd.5.73
INFO(V11N): 1Esd.5.82 is not in the Orthodox versification. Appending content to 1Esd.5.73
INFO(V11N): 1Esd.5.83 is not in the Orthodox versification. Appending content to 1Esd.5.73
INFO(V11N): 1Esd.5.84 is not in the Orthodox versification. Appending content to 1Esd.5.73
INFO(V11N): 1Esd.5.85 is not in the Orthodox versification. Appending content to 1Esd.5.73
INFO(V11N): 1Esd.5.86 is not in the Orthodox versification. Appending content to 1Esd.5.73
INFO(V11N): 1Esd.5.87 is not in the Orthodox versification. Appending content to 1Esd.5.73
INFO(V11N): 1Esd.5.88 is not in the Orthodox versification. Appending content to 1Esd.5.73
INFO(V11N): 1Esd.5.89 is not in the Orthodox versification. Appending content to 1Esd.5.73
INFO(V11N): 1Esd.5.90 is not in the Orthodox versification. Appending content to 1Esd.5.73
INFO(V11N): 1Esd.6 is not in the Orthodox versification. Appending content to 1Esd.5.73
INFO(V11N): 1Esd.8.98 is not in the Orthodox versification. Appending content to 1Esd.8.96
INFO(V11N): 1Esd.9 is not in the Orthodox versification. Appending content to 1Esd.8.96
INFO(V11N): Sir.2 is not in the Orthodox versification. Appending content to Sir.1.30
INFO(V11N): Sir.2.20 is not in the Orthodox versification. Appending content to Sir.2.18
INFO(V11N): Sir.3 is not in the Orthodox versification. Appending content to Sir.2.18
INFO(V11N): Sir.4.33 is not in the Orthodox versification. Appending content to Sir.4.31
INFO(V11N): Sir.5 is not in the Orthodox versification. Appending content to Sir.4.31
INFO(V11N): Sir.5.17 is not in the Orthodox versification. Appending content to Sir.5.15
INFO(V11N): Sir.5.18 is not in the Orthodox versification. Appending content to Sir.5.15
INFO(V11N): Sir.6 is not in the Orthodox versification. Appending content to Sir.5.15
INFO(V11N): Sir.6.39 is not in the Orthodox versification. Appending content to Sir.6.37
INFO(V11N): Sir.7 is not in the Orthodox versification. Appending content to Sir.6.37
INFO(V11N): Sir.7.38 is not in the Orthodox versification. Appending content to Sir.7.36
INFO(V11N): Sir.8 is not in the Orthodox versification. Appending content to Sir.7.36
INFO(V11N): Sir.10.33 is not in the Orthodox versification. Appending content to Sir.10.31
INFO(V11N): Sir.10.34 is not in the Orthodox versification. Appending content to Sir.10.31
INFO(V11N): Sir.11 is not in the Orthodox versification. Appending content to Sir.10.31
INFO(V11N): Sir.11.36 is not in the Orthodox versification. Appending content to Sir.11.34
INFO(V11N): Sir.12 is not in the Orthodox versification. Appending content to Sir.11.34
INFO(V11N): Sir.12.20 is not in the Orthodox versification. Appending content to Sir.12.18
INFO(V11N): Sir.12.21 is not in the Orthodox versification. Appending content to Sir.12.18
INFO(V11N): Sir.12.22 is not in the Orthodox versification. Appending content to Sir.12.18
INFO(V11N): Sir.12.23 is not in the Orthodox versification. Appending content to Sir.12.18
INFO(V11N): Sir.12.24 is not in the Orthodox versification. Appending content to Sir.12.18
INFO(V11N): Sir.13 is not in the Orthodox versification. Appending content to Sir.12.18
INFO(V11N): Sir.13.28 is not in the Orthodox versification. Appending content to Sir.13.26
INFO(V11N): Sir.13.29 is not in the Orthodox versification. Appending content to Sir.13.26
INFO(V11N): Sir.13.30 is not in the Orthodox versification. Appending content to Sir.13.26
INFO(V11N): Sir.13.31 is not in the Orthodox versification. Appending content to Sir.13.26
INFO(V11N): Sir.14 is not in the Orthodox versification. Appending content to Sir.13.26
INFO(V11N): Sir.17 is not in the Orthodox versification. Appending content to Sir.16.30
INFO(V11N): Sir.21.30 is not in the Orthodox versification. Appending content to Sir.21.28
INFO(V11N): Sir.22 is not in the Orthodox versification. Appending content to Sir.21.28
INFO(V11N): Sir.22.29 is not in the Orthodox versification. Appending content to Sir.22.27
INFO(V11N): Sir.22.30 is not in the Orthodox versification. Appending content to Sir.22.27
INFO(V11N): Sir.23 is not in the Orthodox versification. Appending content to Sir.22.27
INFO(V11N): Sir.23.30 is not in the Orthodox versification. Appending content to Sir.23.28
INFO(V11N): Sir.23.31 is not in the Orthodox versification. Appending content to Sir.23.28
INFO(V11N): Sir.23.32 is not in the Orthodox versification. Appending content to Sir.23.28
INFO(V11N): Sir.23.33 is not in the Orthodox versification. Appending content to Sir.23.28
INFO(V11N): Sir.23.34 is not in the Orthodox versification. Appending content to Sir.23.28
INFO(V11N): Sir.23.35 is not in the Orthodox versification. Appending content to Sir.23.28
INFO(V11N): Sir.23.36 is not in the Orthodox versification. Appending content to Sir.23.28
INFO(V11N): Sir.24 is not in the Orthodox versification. Appending content to Sir.23.28
INFO(V11N): Sir.24.36 is not in the Orthodox versification. Appending content to Sir.24.34
INFO(V11N): Sir.25 is not in the Orthodox versification. Appending content to Sir.24.34
INFO(V11N): Sir.25.28 is not in the Orthodox versification. Appending content to Sir.25.26
INFO(V11N): Sir.25.29 is not in the Orthodox versification. Appending content to Sir.25.26
INFO(V11N): Sir.26 is not in the Orthodox versification. Appending content to Sir.25.26
INFO(V11N): Sir.28 is not in the Orthodox versification. Appending content to Sir.27.30
INFO(V11N): Sir.28.28 is not in the Orthodox versification. Appending content to Sir.28.26
INFO(V11N): Sir.28.29 is not in the Orthodox versification. Appending content to Sir.28.26
INFO(V11N): Sir.29 is not in the Orthodox versification. Appending content to Sir.28.26
INFO(V11N): Sir.29.30 is not in the Orthodox versification. Appending content to Sir.29.28
INFO(V11N): Sir.29.31 is not in the Orthodox versification. Appending content to Sir.29.28
INFO(V11N): Sir.30 is not in the Orthodox versification. Appending content to Sir.29.28
INFO(V11N): Sir.31.33 is not in the Orthodox versification. Appending content to Sir.31.31
INFO(V11N): Sir.31.34 is not in the Orthodox versification. Appending content to Sir.31.31
INFO(V11N): Sir.31.35 is not in the Orthodox versification. Appending content to Sir.31.31
INFO(V11N): Sir.31.36 is not in the Orthodox versification. Appending content to Sir.31.31
INFO(V11N): Sir.31.37 is not in the Orthodox versification. Appending content to Sir.31.31
INFO(V11N): Sir.32 is not in the Orthodox versification. Appending content to Sir.31.31
INFO(V11N): Sir.33.35 is not in the Orthodox versification. Appending content to Sir.33.33
INFO(V11N): Sir.33.36 is not in the Orthodox versification. Appending content to Sir.33.33
INFO(V11N): Sir.33.37 is not in the Orthodox versification. Appending content to Sir.33.33
INFO(V11N): Sir.34 is not in the Orthodox versification. Appending content to Sir.33.33
INFO(V11N): Sir.37.33 is not in the Orthodox versification. Appending content to Sir.37.31
INFO(V11N): Sir.37.34 is not in the Orthodox versification. Appending content to Sir.37.31
INFO(V11N): Sir.38 is not in the Orthodox versification. Appending content to Sir.37.31
INFO(V11N): Sir.38.37 is not in the Orthodox versification. Appending content to Sir.38.35
INFO(V11N): Sir.38.38 is not in the Orthodox versification. Appending content to Sir.38.35
INFO(V11N): Sir.38.39 is not in the Orthodox versification. Appending content to Sir.38.35
INFO(V11N): Sir.38.40 is not in the Orthodox versification. Appending content to Sir.38.35
INFO(V11N): Sir.38.41 is not in the Orthodox versification. Appending content to Sir.38.35
INFO(V11N): Sir.38.42 is not in the Orthodox versification. Appending content to Sir.38.35
INFO(V11N): Sir.38.43 is not in the Orthodox versification. Appending content to Sir.38.35
INFO(V11N): Sir.38.44 is not in the Orthodox versification. Appending content to Sir.38.35
INFO(V11N): Sir.38.45 is not in the Orthodox versification. Appending content to Sir.38.35
INFO(V11N): Sir.38.46 is not in the Orthodox versification. Appending content to Sir.38.35
INFO(V11N): Sir.39 is not in the Orthodox versification. Appending content to Sir.38.35
INFO(V11N): Sir.39.37 is not in the Orthodox versification. Appending content to Sir.39.35
INFO(V11N): Sir.39.38 is not in the Orthodox versification. Appending content to Sir.39.35
INFO(V11N): Sir.39.39 is not in the Orthodox versification. Appending content to Sir.39.35
INFO(V11N): Sir.39.40 is not in the Orthodox versification. Appending content to Sir.39.35
INFO(V11N): Sir.39.41 is not in the Orthodox versification. Appending content to Sir.39.35
INFO(V11N): Sir.40 is not in the Orthodox versification. Appending content to Sir.39.35
INFO(V11N): Sir.40.32 is not in the Orthodox versification. Appending content to Sir.40.30
INFO(V11N): Sir.40.33 is not in the Orthodox versification. Appending content to Sir.40.30
INFO(V11N): Sir.40.34 is not in the Orthodox versification. Appending content to Sir.40.30
INFO(V11N): Sir.41 is not in the Orthodox versification. Appending content to Sir.40.30
INFO(V11N): Sir.42 is not in the Orthodox versification. Appending content to Sir.41.27
INFO(V11N): Sir.42.29 is not in the Orthodox versification. Appending content to Sir.42.27
INFO(V11N): Sir.42.30 is not in the Orthodox versification. Appending content to Sir.42.27
INFO(V11N): Sir.42.31 is not in the Orthodox versification. Appending content to Sir.42.27
INFO(V11N): Sir.42.32 is not in the Orthodox versification. Appending content to Sir.42.27
INFO(V11N): Sir.43 is not in the Orthodox versification. Appending content to Sir.42.27
INFO(V11N): Sir.43.35 is not in the Orthodox versification. Appending content to Sir.43.33
INFO(V11N): Sir.43.36 is not in the Orthodox versification. Appending content to Sir.43.33
INFO(V11N): Sir.43.37 is not in the Orthodox versification. Appending content to Sir.43.33
INFO(V11N): Sir.43.38 is not in the Orthodox versification. Appending content to Sir.43.33
INFO(V11N): Sir.44 is not in the Orthodox versification. Appending content to Sir.43.33
INFO(V11N): Sir.44.26 is not in the Orthodox versification. Appending content to Sir.44.24
INFO(V11N): Sir.44.27 is not in the Orthodox versification. Appending content to Sir.44.24
INFO(V11N): Sir.44.28 is not in the Orthodox versification. Appending content to Sir.44.24
INFO(V11N): Sir.45 is not in the Orthodox versification. Appending content to Sir.44.24
INFO(V11N): Sir.45.28 is not in the Orthodox versification. Appending content to Sir.45.26
INFO(V11N): Sir.45.29 is not in the Orthodox versification. Appending content to Sir.45.26
INFO(V11N): Sir.45.30 is not in the Orthodox versification. Appending content to Sir.45.26
INFO(V11N): Sir.45.31 is not in the Orthodox versification. Appending content to Sir.45.26
INFO(V11N): Sir.45.32 is not in the Orthodox versification. Appending content to Sir.45.26
INFO(V11N): Sir.45.33 is not in the Orthodox versification. Appending content to Sir.45.26
INFO(V11N): Sir.45.34 is not in the Orthodox versification. Appending content to Sir.45.26
INFO(V11N): Sir.45.35 is not in the Orthodox versification. Appending content to Sir.45.26
INFO(V11N): Sir.46 is not in the Orthodox versification. Appending content to Sir.45.26
INFO(V11N): Sir.46.22 is not in the Orthodox versification. Appending content to Sir.46.20
INFO(V11N): Sir.46.23 is not in the Orthodox versification. Appending content to Sir.46.20
INFO(V11N): Sir.47 is not in the Orthodox versification. Appending content to Sir.46.20
INFO(V11N): Sir.47.27 is not in the Orthodox versification. Appending content to Sir.47.25
INFO(V11N): Sir.47.28 is not in the Orthodox versification. Appending content to Sir.47.25
INFO(V11N): Sir.47.29 is not in the Orthodox versification. Appending content to Sir.47.25
INFO(V11N): Sir.47.30 is not in the Orthodox versification. Appending content to Sir.47.25
INFO(V11N): Sir.48 is not in the Orthodox versification. Appending content to Sir.47.25
INFO(V11N): Sir.48.27 is not in the Orthodox versification. Appending content to Sir.48.25
INFO(V11N): Sir.48.28 is not in the Orthodox versification. Appending content to Sir.48.25
INFO(V11N): Sir.49 is not in the Orthodox versification. Appending content to Sir.48.25
INFO(V11N): Sir.49.18 is not in the Orthodox versification. Appending content to Sir.49.16
INFO(V11N): Sir.50 is not in the Orthodox versification. Appending content to Sir.49.16
INFO(V11N): Sir.50.31 is not in the Orthodox versification. Appending content to Sir.50.29
INFO(V11N): Sir.51 is not in the Orthodox versification. Appending content to Sir.50.29
INFO(V11N): Sir.51.32 is not in the Orthodox versification. Appending content to Sir.51.30
INFO(V11N): Sir.51.33 is not in the Orthodox versification. Appending content to Sir.51.30
INFO(V11N): Sir.51.34 is not in the Orthodox versification. Appending content to Sir.51.30
INFO(V11N): Sir.51.35 is not in the Orthodox versification. Appending content to Sir.51.30
INFO(V11N): Sir.51.36 is not in the Orthodox versification. Appending content to Sir.51.30
INFO(V11N): Sir.51.37 is not in the Orthodox versification. Appending content to Sir.51.30
INFO(V11N): Sus is not in the Orthodox versification. Appending content to Sir.51.30
INFO(V11N): Bel.1.44 is not in the Orthodox versification. Appending content to Bel.1.42
INFO(V11N): Bel.1.45 is not in the Orthodox versification. Appending content to Bel.1.42
INFO(V11N): Bel.1.46 is not in the Orthodox versification. Appending content to Bel.1.42
INFO(V11N): Bel.1.47 is not in the Orthodox versification. Appending content to Bel.1.42
INFO(V11N): Bel.1.48 is not in the Orthodox versification. Appending content to Bel.1.42
INFO(V11N): Bel.1.49 is not in the Orthodox versification. Appending content to Bel.1.42
INFO(V11N): Bel.1.50 is not in the Orthodox versification. Appending content to Bel.1.42
INFO(V11N): 1Macc is not in the Orthodox versification. Appending content to Bel.1.42
INFO(V11N): 1Macc.1.66 is not in the Orthodox versification. Appending content to 1Macc.1.64
INFO(V11N): 1Macc.1.67 is not in the Orthodox versification. Appending content to 1Macc.1.64
INFO(V11N): 1Macc.2 is not in the Orthodox versification. Appending content to 1Macc.1.64
INFO(V11N): 1Macc.13 is not in the Orthodox versification. Appending content to 1Macc.12.53
INFO(V11N): 2Macc.3 is not in the Orthodox versification. Appending content to 2Macc.2.32
INFO(V11N): 3Macc is not in the Orthodox versification. Appending content to 2Macc.15.39
SUCCESS: osis2mod: has finished its work and will now rest
